Added Pin To Net: NetName=+3.3V Pin=C5-1
Added Pin To Net: NetName=+3.3V Pin=C6-2
Added Pin To Net: NetName=+3.3V Pin=C7-1
Added Pin To Net: NetName=+3.3V Pin=C8-1
Added Pin To Net: NetName=+3.3V Pin=C9-2
Added Pin To Net: NetName=+3.3V Pin=C10-2
Added Pin To Net: NetName=+3.3V Pin=C14-1
Added Pin To Net: NetName=+3.3V Pin=C15-2
Added Pin To Net: NetName=+3.3V Pin=C23-2
Added Pin To Net: NetName=+3.3V Pin=C24-2
Added Pin To Net: NetName=+3.3V Pin=C25-2
Added Pin To Net: NetName=+3.3V Pin=C26-2
Added Pin To Net: NetName=+3.3V Pin=CN1-4
Added Pin To Net: NetName=+3.3V Pin=CN2-4
Added Pin To Net: NetName=+3.3V Pin=IC2-10
Added Pin To Net: NetName=+3.3V Pin=IC2-16
Added Pin To Net: NetName=+3.3V Pin=IC3-10
Added Pin To Net: NetName=+3.3V Pin=IC3-16
Added Pin To Net: NetName=+3.3V Pin=R11-2
Added Pin To Net: NetName=+3.3V Pin=R27-1
Added Pin To Net: NetName=+3.3V Pin=R27-2
Added Pin To Net: NetName=+3.3V Pin=U1-2
Added Pin To Net: NetName=+3.3V Pin=U2-16
Added Net: Name=+3.3V
Added Pin To Net: NetName=+5V Pin=C16-2
Added Pin To Net: NetName=+5V Pin=C17-2
Added Pin To Net: NetName=+5V Pin=IC6-14
Added Pin To Net: NetName=+5V Pin=M2-7
Added Pin To Net: NetName=+5V Pin=R1-2
Added Pin To Net: NetName=+5V Pin=R2-2
Added Pin To Net: NetName=+5V Pin=R3-2
Added Net: Name=+5V
Added Pin To Net: NetName=+12V Pin=C4-1
Added Pin To Net: NetName=+12V Pin=C11-1
Added Pin To Net: NetName=+12V Pin=C12-1
Added Pin To Net: NetName=+12V Pin=C13-1
Added Pin To Net: NetName=+12V Pin=D2-2
Added Pin To Net: NetName=+12V Pin=D3-2
Added Pin To Net: NetName=+12V Pin=F1-2
Added Pin To Net: NetName=+12V Pin=F1-2
Added Pin To Net: NetName=+12V Pin=M2-9
Added Pin To Net: NetName=+12V Pin=R9-2
Added Pin To Net: NetName=+12V Pin=U3-1
Added Net: Name=+12V
Added Pin To Net: NetName=AO_LDR Pin=C22-1
Added Pin To Net: NetName=AO_LDR Pin=CN2-1
Added Pin To Net: NetName=AO_LDR Pin=U2-3
Added Net: Name=AO_LDR
Added Pin To Net: NetName=AO_RAIN Pin=C21-1
Added Pin To Net: NetName=AO_RAIN Pin=CN1-1
Added Pin To Net: NetName=AO_RAIN Pin=U2-2
Added Net: Name=AO_RAIN
Added Pin To Net: NetName=BD Pin=SW2-1
Added Pin To Net: NetName=BD Pin=SW2-4
Added Pin To Net: NetName=BD Pin=U2-5
Added Net: Name=BD
Added Pin To Net: NetName=BL Pin=SW3-1
Added Pin To Net: NetName=BL Pin=SW3-4
Added Pin To Net: NetName=BL Pin=U2-6
Added Net: Name=BL
Added Pin To Net: NetName=BR Pin=SW4-1
Added Pin To Net: NetName=BR Pin=SW4-4
Added Pin To Net: NetName=BR Pin=U2-7
Added Net: Name=BR
Added Pin To Net: NetName=BUCK Pin=C2-1
Added Pin To Net: NetName=BUCK Pin=L1-1
Added Pin To Net: NetName=BUCK Pin=L2-1
Added Pin To Net: NetName=BUCK Pin=R10-2
Added Pin To Net: NetName=BUCK Pin=U3-4
Added Net: Name=BUCK
Added Pin To Net: NetName=BU Pin=SW1-1
Added Pin To Net: NetName=BU Pin=SW1-4
Added Pin To Net: NetName=BU Pin=U2-4
Added Net: Name=BU
Added Pin To Net: NetName=DO_LDR Pin=CN2-2
Added Net: Name=DO_LDR
Added Pin To Net: NetName=DO_RAIN Pin=CN1-2
Added Net: Name=DO_RAIN
Added Pin To Net: NetName=GND Pin=B1-1
Added Pin To Net: NetName=GND Pin=B2-1
Added Pin To Net: NetName=GND Pin=B3-1
Added Pin To Net: NetName=GND Pin=B4-1
Added Pin To Net: NetName=GND Pin=C1-1
Added Pin To Net: NetName=GND Pin=C2-2
Added Pin To Net: NetName=GND Pin=C3-1
Added Pin To Net: NetName=GND Pin=C4-2
Added Pin To Net: NetName=GND Pin=C5-2
Added Pin To Net: NetName=GND Pin=C6-1
Added Pin To Net: NetName=GND Pin=C7-2
Added Pin To Net: NetName=GND Pin=C8-2
Added Pin To Net: NetName=GND Pin=C9-1
Added Pin To Net: NetName=GND Pin=C10-1
Added Pin To Net: NetName=GND Pin=C11-2
Added Pin To Net: NetName=GND Pin=C12-2
Added Pin To Net: NetName=GND Pin=C13-2
Added Pin To Net: NetName=GND Pin=C14-2
Added Pin To Net: NetName=GND Pin=C15-1
Added Pin To Net: NetName=GND Pin=C16-1
Added Pin To Net: NetName=GND Pin=C17-1
Added Pin To Net: NetName=GND Pin=C18-2
Added Pin To Net: NetName=GND Pin=C20-2
Added Pin To Net: NetName=GND Pin=C21-2
Added Pin To Net: NetName=GND Pin=C22-2
Added Pin To Net: NetName=GND Pin=C23-1
Added Pin To Net: NetName=GND Pin=C24-1
Added Pin To Net: NetName=GND Pin=C25-1
Added Pin To Net: NetName=GND Pin=C26-1
Added Pin To Net: NetName=GND Pin=CN1-3
Added Pin To Net: NetName=GND Pin=CN2-3
Added Pin To Net: NetName=GND Pin=CN3-2
Added Pin To Net: NetName=GND Pin=CN4-2
Added Pin To Net: NetName=GND Pin=CN5-2
Added Pin To Net: NetName=GND Pin=D2-1
Added Pin To Net: NetName=GND Pin=D3-1
Added Pin To Net: NetName=GND Pin=DZ1-1
Added Pin To Net: NetName=GND Pin=IC1-2
Added Pin To Net: NetName=GND Pin=IC1-3
Added Pin To Net: NetName=GND Pin=IC2-8
Added Pin To Net: NetName=GND Pin=IC2-13
Added Pin To Net: NetName=GND Pin=IC3-8
Added Pin To Net: NetName=GND Pin=IC3-13
Added Pin To Net: NetName=GND Pin=IC4-2
Added Pin To Net: NetName=GND Pin=IC4-3
Added Pin To Net: NetName=GND Pin=IC5-2
Added Pin To Net: NetName=GND Pin=IC5-3
Added Pin To Net: NetName=GND Pin=IC6-7
Added Pin To Net: NetName=GND Pin=LED1-2
Added Pin To Net: NetName=GND Pin=LED2-2
Added Pin To Net: NetName=GND Pin=LED3-2
Added Pin To Net: NetName=GND Pin=M1-6
Added Pin To Net: NetName=GND Pin=M2-8
Added Pin To Net: NetName=GND Pin=R8-1
Added Pin To Net: NetName=GND Pin=SW1-2
Added Pin To Net: NetName=GND Pin=SW1-3
Added Pin To Net: NetName=GND Pin=SW2-2
Added Pin To Net: NetName=GND Pin=SW2-3
Added Pin To Net: NetName=GND Pin=SW3-2
Added Pin To Net: NetName=GND Pin=SW3-3
Added Pin To Net: NetName=GND Pin=SW4-2
Added Pin To Net: NetName=GND Pin=SW4-3
Added Pin To Net: NetName=GND Pin=U1-1
Added Pin To Net: NetName=GND Pin=U2-14
Added Pin To Net: NetName=GND Pin=U2-17
Added Pin To Net: NetName=GND Pin=U3-2
Added Pin To Net: NetName=GND Pin=U3-3
Added Net: Name=GND
Added Pin To Net: NetName=LCD_CS Pin=IC3-15
Added Pin To Net: NetName=LCD_CS Pin=U1-3
Added Net: Name=LCD_CS
Added Pin To Net: NetName=LCD_DB0 Pin=IC2-15
Added Pin To Net: NetName=LCD_DB0 Pin=U1-9
Added Net: Name=LCD_DB0
Added Pin To Net: NetName=LCD_DB1 Pin=IC2-1
Added Pin To Net: NetName=LCD_DB1 Pin=U1-10
Added Net: Name=LCD_DB1
Added Pin To Net: NetName=LCD_DB2 Pin=IC2-2
Added Pin To Net: NetName=LCD_DB2 Pin=U1-11
Added Net: Name=LCD_DB2
Added Pin To Net: NetName=LCD_DB3 Pin=IC2-3
Added Pin To Net: NetName=LCD_DB3 Pin=U1-12
Added Net: Name=LCD_DB3
Added Pin To Net: NetName=LCD_DB4 Pin=IC2-4
Added Pin To Net: NetName=LCD_DB4 Pin=U1-13
Added Net: Name=LCD_DB4
Added Pin To Net: NetName=LCD_DB5 Pin=IC2-5
Added Pin To Net: NetName=LCD_DB5 Pin=U1-14
Added Net: Name=LCD_DB5
Added Pin To Net: NetName=LCD_DB6 Pin=IC2-6
Added Pin To Net: NetName=LCD_DB6 Pin=U1-15
Added Net: Name=LCD_DB6
Added Pin To Net: NetName=LCD_DB7 Pin=IC2-7
Added Pin To Net: NetName=LCD_DB7 Pin=U1-16
Added Net: Name=LCD_DB7
Added Pin To Net: NetName=LCD_LED Pin=IC3-5
Added Pin To Net: NetName=LCD_LED Pin=U1-8
Added Net: Name=LCD_LED
Added Pin To Net: NetName=LCD_RD Pin=IC3-3
Added Pin To Net: NetName=LCD_RD Pin=U1-6
Added Net: Name=LCD_RD
Added Pin To Net: NetName=LCD_RS Pin=IC3-1
Added Pin To Net: NetName=LCD_RS Pin=U1-4
Added Net: Name=LCD_RS
Added Pin To Net: NetName=LCD_RST Pin=IC3-4
Added Pin To Net: NetName=LCD_RST Pin=U1-7
Added Net: Name=LCD_RST
Added Pin To Net: NetName=LCD_WR Pin=IC3-2
Added Pin To Net: NetName=LCD_WR Pin=U1-5
Added Net: Name=LCD_WR
Added Pin To Net: NetName=LL Pin=C18-1
Added Pin To Net: NetName=LL Pin=CN4-1
Added Pin To Net: NetName=LL Pin=U2-13
Added Net: Name=LL
Added Pin To Net: NetName=LR Pin=C20-1
Added Pin To Net: NetName=LR Pin=CN5-1
Added Pin To Net: NetName=LR Pin=U2-12
Added Net: Name=LR
Added Pin To Net: NetName=MEN Pin=R4-2
Added Pin To Net: NetName=MEN Pin=U2-22
Added Net: Name=MEN
Added Pin To Net: NetName=MIN Pin=R6-2
Added Pin To Net: NetName=MIN Pin=U2-20
Added Net: Name=MIN
Added Pin To Net: NetName=MIP Pin=R5-2
Added Pin To Net: NetName=MIP Pin=U2-21
Added Net: Name=MIP
Added Pin To Net: NetName=MN Pin=C19-1
Added Pin To Net: NetName=MN Pin=CN6-2
Added Pin To Net: NetName=MN Pin=M2-11
Added Net: Name=MN
Added Pin To Net: NetName=MP Pin=C19-2
Added Pin To Net: NetName=MP Pin=CN6-1
Added Pin To Net: NetName=MP Pin=M2-10
Added Net: Name=MP
Added Pin To Net: NetName=NetCN3_1 Pin=CN3-1
Added Pin To Net: NetName=NetCN3_1 Pin=F1-1
Added Pin To Net: NetName=NetCN3_1 Pin=F1-1
Added Net: Name=NetCN3_1
Added Pin To Net: NetName=NetD1_2 Pin=D1-2
Added Pin To Net: NetName=NetD1_2 Pin=U2-15
Added Net: Name=NetD1_2
Added Pin To Net: NetName=NetIC1_1 Pin=IC1-1
Added Pin To Net: NetName=NetIC1_1 Pin=R4-1
Added Net: Name=NetIC1_1
Added Pin To Net: NetName=NetIC1_4 Pin=IC1-4
Added Pin To Net: NetName=NetIC1_4 Pin=IC6-13
Added Pin To Net: NetName=NetIC1_4 Pin=R1-1
Added Net: Name=NetIC1_4
Added Pin To Net: NetName=NetIC2_9 Pin=IC2-9
Added Pin To Net: NetName=NetIC2_9 Pin=IC3-14
Added Net: Name=NetIC2_9
Added Pin To Net: NetName=NetIC4_1 Pin=IC4-1
Added Pin To Net: NetName=NetIC4_1 Pin=R5-1
Added Net: Name=NetIC4_1
Added Pin To Net: NetName=NetIC4_4 Pin=IC4-4
Added Pin To Net: NetName=NetIC4_4 Pin=IC6-11
Added Pin To Net: NetName=NetIC4_4 Pin=R2-1
Added Net: Name=NetIC4_4
Added Pin To Net: NetName=NetIC5_1 Pin=IC5-1
Added Pin To Net: NetName=NetIC5_1 Pin=R6-1
Added Net: Name=NetIC5_1
Added Pin To Net: NetName=NetIC5_4 Pin=IC5-4
Added Pin To Net: NetName=NetIC5_4 Pin=IC6-9
Added Pin To Net: NetName=NetIC5_4 Pin=R3-1
Added Net: Name=NetIC5_4
Added Pin To Net: NetName=NetIC6_8 Pin=IC6-8
Added Pin To Net: NetName=NetIC6_8 Pin=M2-5
Added Net: Name=NetIC6_8
Added Pin To Net: NetName=NetIC6_10 Pin=IC6-10
Added Pin To Net: NetName=NetIC6_10 Pin=M2-4
Added Net: Name=NetIC6_10
Added Pin To Net: NetName=NetIC6_12 Pin=IC6-12
Added Pin To Net: NetName=NetIC6_12 Pin=M2-6
Added Net: Name=NetIC6_12
Added Pin To Net: NetName=NetLED1_1 Pin=LED1-1
Added Pin To Net: NetName=NetLED1_1 Pin=R9-1
Added Net: Name=NetLED1_1
Added Pin To Net: NetName=NetLED2_1 Pin=LED2-1
Added Pin To Net: NetName=NetLED2_1 Pin=R10-1
Added Net: Name=NetLED2_1
Added Pin To Net: NetName=NetLED3_1 Pin=LED3-1
Added Pin To Net: NetName=NetLED3_1 Pin=R11-1
Added Net: Name=NetLED3_1
Added Pin To Net: NetName=NetM1_5 Pin=M1-5
Added Pin To Net: NetName=NetM1_5 Pin=R7-2
Added Net: Name=NetM1_5
Added Pin To Net: NetName=RCLK Pin=IC2-12
Added Pin To Net: NetName=RCLK Pin=IC3-12
Added Pin To Net: NetName=RCLK Pin=U2-9
Added Net: Name=RCLK
Added Pin To Net: NetName=SER Pin=IC2-14
Added Pin To Net: NetName=SER Pin=U2-11
Added Net: Name=SER
Added Pin To Net: NetName=SIM_RST Pin=M1-3
Added Pin To Net: NetName=SIM_RST Pin=U2-24
Added Net: Name=SIM_RST
Added Pin To Net: NetName=SIM_RXD Pin=M1-4
Added Pin To Net: NetName=SIM_RXD Pin=U2-26
Added Net: Name=SIM_RXD
Added Pin To Net: NetName=SIM_TXD Pin=R7-1
Added Pin To Net: NetName=SIM_TXD Pin=R8-2
Added Pin To Net: NetName=SIM_TXD Pin=U2-25
Added Net: Name=SIM_TXD
Added Pin To Net: NetName=SRCLK Pin=IC2-11
Added Pin To Net: NetName=SRCLK Pin=IC3-11
Added Pin To Net: NetName=SRCLK Pin=U2-10
Added Net: Name=SRCLK
Added Pin To Net: NetName=V_ESPU Pin=C3-2
Added Pin To Net: NetName=V_ESPU Pin=D1-1
Added Pin To Net: NetName=V_ESPU Pin=L1-2
Added Net: Name=V_ESPU
Added Pin To Net: NetName=VSIM Pin=C1-2
Added Pin To Net: NetName=VSIM Pin=DZ1-2
Added Pin To Net: NetName=VSIM Pin=L2-2
Added Pin To Net: NetName=VSIM Pin=M1-2
Added Net: Name=VSIM
Added Member To Class: ClassName=Sheet1 Member=Component R27 0R
