Removed Pin From Net: NetName=VSIM Pin=C18-1
Removed Pin From Net: NetName=GND Pin=C18-2
Removed Member From Class: ClassName=Sheet1 Member=C18
Change Component Footprint: Designator=R7 Old Footprint=Res1/4W New Footprint=RES-SMD-0805
Change Component Footprint: Designator=R8 Old Footprint=Res1/4W New Footprint=RES-SMD-0805
Change Component Comment : Designator=L2 Old Comment=1H New Comment=470uH
Change Component Comment : Designator=CN6 Old Comment=PUMP New Comment=MOTOR
Added Pin To Net: NetName=GND Pin=B1-1
Added Pin To Net: NetName=GND Pin=B2-1
Added Pin To Net: NetName=GND Pin=B3-1
Added Pin To Net: NetName=GND Pin=B4-1
Added Pin To Net: NetName=NetC2_1 Pin=C2-1
Added Pin To Net: NetName=GND Pin=C2-2
Added Pin To Net: NetName=GND Pin=C3-1
Added Pin To Net: NetName=V_ESPU Pin=C3-2
Added Pin To Net: NetName=+12V Pin=C4-1
Added Pin To Net: NetName=GND Pin=C4-2
Added Pin To Net: NetName=+3.3V Pin=C5-1
Added Pin To Net: NetName=GND Pin=C5-2
Added Pin To Net: NetName=GND Pin=C6-1
Added Pin To Net: NetName=+3.3V Pin=C6-2
Added Pin To Net: NetName=+3.3V Pin=C7-1
Added Pin To Net: NetName=GND Pin=C7-2
Added Pin To Net: NetName=+3.3V Pin=C8-1
Added Pin To Net: NetName=GND Pin=C8-2
Added Pin To Net: NetName=GND Pin=C9-1
Added Pin To Net: NetName=+3.3V Pin=C9-2
Added Pin To Net: NetName=GND Pin=C10-1
Added Pin To Net: NetName=+3.3V Pin=C10-2
Added Pin To Net: NetName=NetC11_1 Pin=C11-1
Added Pin To Net: NetName=GND Pin=C11-2
Added Pin To Net: NetName=NetC11_1 Pin=C12-1
Added Pin To Net: NetName=GND Pin=C12-2
Added Pin To Net: NetName=NetC11_1 Pin=C13-1
Added Pin To Net: NetName=GND Pin=C13-2
Added Pin To Net: NetName=+3.3V Pin=C14-1
Added Pin To Net: NetName=GND Pin=C14-2
Added Pin To Net: NetName=GND Pin=C15-1
Added Pin To Net: NetName=+3.3V Pin=C15-2
Added Pin To Net: NetName=GND Pin=C16-1
Added Pin To Net: NetName=+5V Pin=C16-2
Added Pin To Net: NetName=GND Pin=C17-1
Added Pin To Net: NetName=+5V Pin=C17-2
Added Pin To Net: NetName=MN Pin=C19-1
Added Pin To Net: NetName=MP Pin=C19-2
Added Pin To Net: NetName=NetCN3_1 Pin=CN3-1
Added Pin To Net: NetName=GND Pin=CN3-2
Added Pin To Net: NetName=MP Pin=CN6-1
Added Pin To Net: NetName=MN Pin=CN6-2
Added Pin To Net: NetName=V_ESPU Pin=D1-1
Added Pin To Net: NetName=NetD1_2 Pin=D1-2
Added Pin To Net: NetName=GND Pin=D2-1
Added Pin To Net: NetName=NetC11_1 Pin=D2-2
Added Pin To Net: NetName=GND Pin=D3-1
Added Pin To Net: NetName=NetC11_1 Pin=D3-2
Added Pin To Net: NetName=NetCN3_1 Pin=F1-1
Added Pin To Net: NetName=NetCN3_1 Pin=F1-1
Added Pin To Net: NetName=NetC11_1 Pin=F1-2
Added Pin To Net: NetName=NetC11_1 Pin=F1-2
Added Pin To Net: NetName=NetIC1_1 Pin=IC1-1
Added Pin To Net: NetName=GND Pin=IC1-2
Added Pin To Net: NetName=GND Pin=IC1-3
Added Pin To Net: NetName=NetIC1_4 Pin=IC1-4
Added Pin To Net: NetName=LCD_DB1 Pin=IC2-1
Added Pin To Net: NetName=LCD_DB2 Pin=IC2-2
Added Pin To Net: NetName=LCD_DB3 Pin=IC2-3
Added Pin To Net: NetName=LCD_DB4 Pin=IC2-4
Added Pin To Net: NetName=LCD_DB5 Pin=IC2-5
Added Pin To Net: NetName=LCD_DB6 Pin=IC2-6
Added Pin To Net: NetName=LCD_DB7 Pin=IC2-7
Added Pin To Net: NetName=GND Pin=IC2-8
Added Pin To Net: NetName=NetIC2_9 Pin=IC2-9
Added Pin To Net: NetName=+3.3V Pin=IC2-10
Added Pin To Net: NetName=SRCLK Pin=IC2-11
Added Pin To Net: NetName=RCLK Pin=IC2-12
Added Pin To Net: NetName=GND Pin=IC2-13
Added Pin To Net: NetName=SER Pin=IC2-14
Added Pin To Net: NetName=LCD_DB0 Pin=IC2-15
Added Pin To Net: NetName=+3.3V Pin=IC2-16
Added Pin To Net: NetName=LCD_RS Pin=IC3-1
Added Pin To Net: NetName=LCD_WR Pin=IC3-2
Added Pin To Net: NetName=LCD_RD Pin=IC3-3
Added Pin To Net: NetName=LCD_RST Pin=IC3-4
Added Pin To Net: NetName=LCD_LED Pin=IC3-5
Added Pin To Net: NetName=GND Pin=IC3-8
Added Pin To Net: NetName=+3.3V Pin=IC3-10
Added Pin To Net: NetName=SRCLK Pin=IC3-11
Added Pin To Net: NetName=RCLK Pin=IC3-12
Added Pin To Net: NetName=GND Pin=IC3-13
Added Pin To Net: NetName=NetIC2_9 Pin=IC3-14
Added Pin To Net: NetName=LCD_CS Pin=IC3-15
Added Pin To Net: NetName=+3.3V Pin=IC3-16
Added Pin To Net: NetName=NetIC4_1 Pin=IC4-1
Added Pin To Net: NetName=GND Pin=IC4-2
Added Pin To Net: NetName=GND Pin=IC4-3
Added Pin To Net: NetName=NetIC4_4 Pin=IC4-4
Added Pin To Net: NetName=NetIC5_1 Pin=IC5-1
Added Pin To Net: NetName=GND Pin=IC5-2
Added Pin To Net: NetName=GND Pin=IC5-3
Added Pin To Net: NetName=NetIC5_4 Pin=IC5-4
Added Pin To Net: NetName=NetIC1_4 Pin=IC6-1
Added Pin To Net: NetName=NetIC6_2 Pin=IC6-2
Added Pin To Net: NetName=NetIC4_4 Pin=IC6-3
Added Pin To Net: NetName=NetIC6_4 Pin=IC6-4
Added Pin To Net: NetName=NetIC5_4 Pin=IC6-5
Added Pin To Net: NetName=NetIC6_6 Pin=IC6-6
Added Pin To Net: NetName=GND Pin=IC6-7
Added Pin To Net: NetName=+5V Pin=IC6-14
Added Pin To Net: NetName=NetC2_1 Pin=L1-1
Added Pin To Net: NetName=V_ESPU Pin=L1-2
Added Pin To Net: NetName=NetLED1_1 Pin=LED1-1
Added Pin To Net: NetName=GND Pin=LED1-2
Added Pin To Net: NetName=NetLED2_1 Pin=LED2-1
Added Pin To Net: NetName=GND Pin=LED2-2
Added Pin To Net: NetName=NetLED3_1 Pin=LED3-1
Added Pin To Net: NetName=GND Pin=LED3-2
Added Pin To Net: NetName=NetIC6_2 Pin=M2-1
Added Pin To Net: NetName=NetIC6_4 Pin=M2-2
Added Pin To Net: NetName=NetIC6_6 Pin=M2-3
Added Pin To Net: NetName=+5V Pin=M2-7
Added Pin To Net: NetName=GND Pin=M2-8
Added Pin To Net: NetName=+12V Pin=M2-9
Added Pin To Net: NetName=MP Pin=M2-10
Added Pin To Net: NetName=MN Pin=M2-11
Added Pin To Net: NetName=NetIC1_4 Pin=R1-1
Added Pin To Net: NetName=+5V Pin=R1-2
Added Pin To Net: NetName=NetIC4_4 Pin=R2-1
Added Pin To Net: NetName=+5V Pin=R2-2
Added Pin To Net: NetName=NetIC5_4 Pin=R3-1
Added Pin To Net: NetName=+5V Pin=R3-2
Added Pin To Net: NetName=NetIC1_1 Pin=R4-1
Added Pin To Net: NetName=MEN Pin=R4-2
Added Pin To Net: NetName=NetIC4_1 Pin=R5-1
Added Pin To Net: NetName=MIP Pin=R5-2
Added Pin To Net: NetName=NetIC5_1 Pin=R6-1
Added Pin To Net: NetName=MIN Pin=R6-2
Added Pin To Net: NetName=NetLED1_1 Pin=R9-1
Added Pin To Net: NetName=+12V Pin=R9-2
Added Pin To Net: NetName=NetLED2_1 Pin=R10-1
Added Pin To Net: NetName=V_ESPU Pin=R10-2
Added Pin To Net: NetName=NetLED3_1 Pin=R11-1
Added Pin To Net: NetName=+3.3V Pin=R11-2
Added Pin To Net: NetName=BU Pin=SW1-1
Added Pin To Net: NetName=GND Pin=SW1-2
Added Pin To Net: NetName=GND Pin=SW1-3
Added Pin To Net: NetName=BU Pin=SW1-4
Added Pin To Net: NetName=BD Pin=SW2-1
Added Pin To Net: NetName=GND Pin=SW2-2
Added Pin To Net: NetName=GND Pin=SW2-3
Added Pin To Net: NetName=BD Pin=SW2-4
Added Pin To Net: NetName=BL Pin=SW3-1
Added Pin To Net: NetName=GND Pin=SW3-2
Added Pin To Net: NetName=GND Pin=SW3-3
Added Pin To Net: NetName=BL Pin=SW3-4
Added Pin To Net: NetName=BR Pin=SW4-1
Added Pin To Net: NetName=GND Pin=SW4-2
Added Pin To Net: NetName=GND Pin=SW4-3
Added Pin To Net: NetName=BR Pin=SW4-4
Added Pin To Net: NetName=GND Pin=U1-1
Added Pin To Net: NetName=+3.3V Pin=U1-2
Added Pin To Net: NetName=LCD_CS Pin=U1-3
Added Pin To Net: NetName=LCD_RS Pin=U1-4
Added Pin To Net: NetName=LCD_WR Pin=U1-5
Added Pin To Net: NetName=LCD_RD Pin=U1-6
Added Pin To Net: NetName=LCD_RST Pin=U1-7
Added Pin To Net: NetName=LCD_LED Pin=U1-8
Added Pin To Net: NetName=LCD_DB0 Pin=U1-9
Added Pin To Net: NetName=LCD_DB1 Pin=U1-10
Added Pin To Net: NetName=LCD_DB2 Pin=U1-11
Added Pin To Net: NetName=LCD_DB3 Pin=U1-12
Added Pin To Net: NetName=LCD_DB4 Pin=U1-13
Added Pin To Net: NetName=LCD_DB5 Pin=U1-14
Added Pin To Net: NetName=LCD_DB6 Pin=U1-15
Added Pin To Net: NetName=LCD_DB7 Pin=U1-16
Added Pin To Net: NetName=AO_RAIN Pin=U2-2
Added Pin To Net: NetName=AO_LDR Pin=U2-3
Added Pin To Net: NetName=BU Pin=U2-4
Added Pin To Net: NetName=BD Pin=U2-5
Added Pin To Net: NetName=BL Pin=U2-6
Added Pin To Net: NetName=BR Pin=U2-7
Added Pin To Net: NetName=RCLK Pin=U2-9
Added Pin To Net: NetName=SRCLK Pin=U2-10
Added Pin To Net: NetName=SER Pin=U2-11
Added Pin To Net: NetName=LR Pin=U2-12
Added Pin To Net: NetName=LL Pin=U2-13
Added Pin To Net: NetName=GND Pin=U2-14
Added Pin To Net: NetName=NetD1_2 Pin=U2-15
Added Pin To Net: NetName=+3.3V Pin=U2-16
Added Pin To Net: NetName=GND Pin=U2-17
Added Pin To Net: NetName=MIN Pin=U2-20
Added Pin To Net: NetName=MIP Pin=U2-21
Added Pin To Net: NetName=MEN Pin=U2-22
Added Pin To Net: NetName=SIM_RST Pin=U2-24
Added Pin To Net: NetName=SIM_TXD Pin=U2-25
Added Pin To Net: NetName=SIM_RXD Pin=U2-26
Added Pin To Net: NetName=+12V Pin=U3-1
Added Pin To Net: NetName=GND Pin=U3-2
Added Pin To Net: NetName=GND Pin=U3-3
Added Pin To Net: NetName=NetC2_1 Pin=U3-4
Added Member To Class: ClassName=Sheet1 Member=Component B1 Plated Hole
Added Member To Class: ClassName=Sheet1 Member=Component B2 Plated Hole
Added Member To Class: ClassName=Sheet1 Member=Component B3 Plated Hole
Added Member To Class: ClassName=Sheet1 Member=Component B4 Plated Hole
Added Member To Class: ClassName=Sheet1 Member=Component C1 106
Added Member To Class: ClassName=Sheet1 Member=Component C2 104
Added Member To Class: ClassName=Sheet1 Member=Component C3 106
Added Member To Class: ClassName=Sheet1 Member=Component C4 104
Added Member To Class: ClassName=Sheet1 Member=Component C5 220uF
Added Member To Class: ClassName=Sheet1 Member=Component C6 104
Added Member To Class: ClassName=Sheet1 Member=Component C7 220uF
Added Member To Class: ClassName=Sheet1 Member=Component C8 220uF
Added Member To Class: ClassName=Sheet1 Member=Component C9 104
Added Member To Class: ClassName=Sheet1 Member=Component C10 104
Added Member To Class: ClassName=Sheet1 Member=Component C12 470uF
Added Member To Class: ClassName=Sheet1 Member=Component C13 470uF
Added Member To Class: ClassName=Sheet1 Member=Component C14 220uF
Added Member To Class: ClassName=Sheet1 Member=Component C15 104
Added Member To Class: ClassName=Sheet1 Member=Component C16 106
Added Member To Class: ClassName=Sheet1 Member=Component C17 104
Added Member To Class: ClassName=Sheet1 Member=Component C19 104
Added Member To Class: ClassName=Sheet1 Member=Component CN3 DC INPUT
Added Member To Class: ClassName=Sheet1 Member=Component CN6 MOTOR
Added Member To Class: ClassName=Sheet1 Member=Component D1 SS14
Added Member To Class: ClassName=Sheet1 Member=Component D2 SS14
Added Member To Class: ClassName=Sheet1 Member=Component D3 SS14
Added Member To Class: ClassName=Sheet1 Member=Component F1 2.00A
Added Member To Class: ClassName=Sheet1 Member=Component IC1 FOD817DSD
Added Member To Class: ClassName=Sheet1 Member=Component IC2 SN74HC595D
Added Member To Class: ClassName=Sheet1 Member=Component IC3 SN74HC595D
Added Member To Class: ClassName=Sheet1 Member=Component IC4 FOD817DSD
Added Member To Class: ClassName=Sheet1 Member=Component IC5 FOD817DSD
Added Member To Class: ClassName=Sheet1 Member=Component IC6 74HC14D
Added Member To Class: ClassName=Sheet1 Member=Component L1 470uH
Added Member To Class: ClassName=Sheet1 Member=Component LED1 POWER
Added Member To Class: ClassName=Sheet1 Member=Component LED2 ESP-5.0V
Added Member To Class: ClassName=Sheet1 Member=Component LED3 ESP-3.3V
Added Member To Class: ClassName=Sheet1 Member=Component M2 L298N
Added Member To Class: ClassName=Sheet1 Member=Component R1 1K
Added Member To Class: ClassName=Sheet1 Member=Component R2 1K
Added Member To Class: ClassName=Sheet1 Member=Component R3 1K
Added Member To Class: ClassName=Sheet1 Member=Component R4 1K
Added Member To Class: ClassName=Sheet1 Member=Component R5 1K
Added Member To Class: ClassName=Sheet1 Member=Component R6 1K
Added Member To Class: ClassName=Sheet1 Member=Component R9 1K
Added Member To Class: ClassName=Sheet1 Member=Component R10 1K
Added Member To Class: ClassName=Sheet1 Member=Component R11 1K
Added Member To Class: ClassName=Sheet1 Member=Component SW1 UP
Added Member To Class: ClassName=Sheet1 Member=Component SW2 DOWN
Added Member To Class: ClassName=Sheet1 Member=Component SW3 LEFT
Added Member To Class: ClassName=Sheet1 Member=Component SW4 RIGHT
Added Member To Class: ClassName=Sheet1 Member=Component U1 ST7775R_2.0
Added Member To Class: ClassName=Sheet1 Member=Component U2 ESP32-DEVKIT-V1
Added Member To Class: ClassName=Sheet1 Member=Component U3 LM2596_MODULE
